Started GET "/users" for ::1 at 2016-07-27 11:49:34 -0700
  [1m[36mActiveRecord::SchemaMigration Load (1.2ms)[0m  [1m[34mSELECT "schema_migrations".* FROM "schema_migrations"[0m
Processing by UsersController#main as HTML
  [1m[36mPet Load (1.4ms)[0m  [1m[34mSELECT "pets".* FROM "pets"[0m
  Rendering users/main.html.erb within layouts/application
  Rendered users/main.html.erb within layouts/application (11.4ms)
  Rendered application/_header.html.erb (3.9ms)
  Rendered application/_footer.html.erb (0.7ms)
Completed 200 OK in 1994ms (Views: 1916.5ms | ActiveRecord: 4.4ms)


Started GET "/main.css" for ::1 at 2016-07-27 11:49:36 -0700
  
ActionController::RoutingError (No route matches [GET] "/main.css"):
  
actionpack (5.0.0) lib/action_dispatch/middleware/debug_exceptions.rb:53:in `call'
web-console (3.3.1) lib/web_console/middleware.rb:131:in `call_app'
web-console (3.3.1) lib/web_console/middleware.rb:28:in `block in call'
web-console (3.3.1) lib/web_console/middleware.rb:18:in `catch'
web-console (3.3.1) lib/web_console/middleware.rb:18:in `call'
actionpack (5.0.0) lib/action_dispatch/middleware/show_exceptions.rb:31:in `call'
railties (5.0.0) lib/rails/rack/logger.rb:36:in `call_app'
railties (5.0.0) lib/rails/rack/logger.rb:24:in `block in call'
activesupport (5.0.0) lib/active_support/tagged_logging.rb:70:in `block in tagged'
activesupport (5.0.0) lib/active_support/tagged_logging.rb:26:in `tagged'
activesupport (5.0.0) lib/active_support/tagged_logging.rb:70:in `tagged'
railties (5.0.0) lib/rails/rack/logger.rb:24:in `call'
sprockets-rails (3.1.1) lib/sprockets/rails/quiet_assets.rb:13:in `call'
actionpack (5.0.0) lib/action_dispatch/middleware/request_id.rb:24:in `call'
rack (2.0.1) lib/rack/method_override.rb:22:in `call'
rack (2.0.1) lib/rack/runtime.rb:22:in `call'
activesupport (5.0.0) lib/active_support/cache/strategy/local_cache_middleware.rb:28:in `call'
actionpack (5.0.0) lib/action_dispatch/middleware/executor.rb:12:in `call'
actionpack (5.0.0) lib/action_dispatch/middleware/static.rb:136:in `call'
rack (2.0.1) lib/rack/sendfile.rb:111:in `call'
railties (5.0.0) lib/rails/engine.rb:522:in `call'
puma (3.5.2) lib/puma/configuration.rb:225:in `call'
puma (3.5.2) lib/puma/server.rb:569:in `handle_request'
puma (3.5.2) lib/puma/server.rb:406:in `process_client'
puma (3.5.2) lib/puma/server.rb:271:in `block in run'
puma (3.5.2) lib/puma/thread_pool.rb:116:in `call'
puma (3.5.2) lib/puma/thread_pool.rb:116:in `block in spawn_thread'
  Rendering /home/vincent/.rbenv/versions/2.2.3/lib/ruby/gems/2.2.0/gems/actionpack-5.0.0/lib/action_dispatch/middleware/templates/rescues/routing_error.html.erb within rescues/layout
  Rendering /home/vincent/.rbenv/versions/2.2.3/lib/ruby/gems/2.2.0/gems/actionpack-5.0.0/lib/action_dispatch/middleware/templates/rescues/_trace.html.erb
  Rendered /home/vincent/.rbenv/versions/2.2.3/lib/ruby/gems/2.2.0/gems/actionpack-5.0.0/lib/action_dispatch/middleware/templates/rescues/_trace.html.erb (4.0ms)
  Rendered collection of /home/vincent/.rbenv/versions/2.2.3/lib/ruby/gems/2.2.0/gems/actionpack-5.0.0/lib/action_dispatch/middleware/templates/routes/_route.html.erb [40 times] (32.9ms)
  Rendered /home/vincent/.rbenv/versions/2.2.3/lib/ruby/gems/2.2.0/gems/actionpack-5.0.0/lib/action_dispatch/middleware/templates/routes/_table.html.erb (16.0ms)
  Rendering /home/vincent/.rbenv/versions/2.2.3/lib/ruby/gems/2.2.0/gems/actionpack-5.0.0/lib/action_dispatch/middleware/templates/rescues/_request_and_response.html.erb
  Rendered /home/vincent/.rbenv/versions/2.2.3/lib/ruby/gems/2.2.0/gems/actionpack-5.0.0/lib/action_dispatch/middleware/templates/rescues/_request_and_response.html.erb (2.8ms)
  Rendered /home/vincent/.rbenv/versions/2.2.3/lib/ruby/gems/2.2.0/gems/actionpack-5.0.0/lib/action_dispatch/middleware/templates/rescues/routing_error.html.erb within rescues/layout (133.5ms)
